<?xml version="1.0" ?>
<!DOCTYPE coverage SYSTEM 'http://cobertura.sourceforge.net/xml/coverage-04.dtd'>
<coverage line-rate="0.944" lines-covered="68" lines-valid="72" branch-rate="1.0" branches-covered="1.0" branches-rate="1.0" complexity="1.0" version="1.9" timestamp="1780659437">
	<sources>
		<source>/home/renich/Projects/crystal/crypto/crystal-ecc-constant/src/crystal-ecc-constant.cr/</source>
	</sources>
	<packages>
		<package name="spec_runner" line-rate="0.944" lines-covered="68" lines-valid="72" branch-rate="1.0" complexity="1.0">
			<classes>
				<class name="crystal_ecc_constant_cr__0" filename="/home/renich/Projects/crystal/crypto/crystal-ecc-constant/src/crystal-ecc-constant.cr" branch-rate="1.0" complexity="1.0" line-rate="0.944">
					<lines>
						<line number="31" hits="1"/>
						<line number="32" hits="1"/>
						<line number="33" hits="0"/>
						<line number="35" hits="1"/>
						<line number="39" hits="1"/>
						<line number="42" hits="2"/>
						<line number="43" hits="1"/>
						<line number="46" hits="1"/>
						<line number="52" hits="2"/>
						<line number="53" hits="1"/>
						<line number="54" hits="1"/>
						<line number="61" hits="4"/>
						<line number="62" hits="1"/>
						<line number="63" hits="1"/>
						<line number="74" hits="4"/>
						<line number="75" hits="1"/>
						<line number="76" hits="1"/>
						<line number="88" hits="4"/>
						<line number="91" hits="1"/>
						<line number="92" hits="1"/>
						<line number="93" hits="1"/>
						<line number="94" hits="1"/>
						<line number="103" hits="4"/>
						<line number="104" hits="1"/>
						<line number="105" hits="1"/>
						<line number="106" hits="1"/>
						<line number="107" hits="1"/>
						<line number="114" hits="1"/>
						<line number="115" hits="1"/>
						<line number="116" hits="1"/>
						<line number="117" hits="1"/>
						<line number="120" hits="1"/>
						<line number="121" hits="1"/>
						<line number="122" hits="1"/>
						<line number="123" hits="2"/>
						<line number="132" hits="4"/>
						<line number="135" hits="1"/>
						<line number="136" hits="1"/>
						<line number="137" hits="1"/>
						<line number="139" hits="1"/>
						<line number="140" hits="1"/>
						<line number="142" hits="1"/>
						<line number="143" hits="0"/>
						<line number="144" hits="1"/>
						<line number="147" hits="1"/>
						<line number="150" hits="2"/>
						<line number="151" hits="1"/>
						<line number="153" hits="1"/>
						<line number="154" hits="1"/>
						<line number="155" hits="1"/>
						<line number="156" hits="1"/>
						<line number="158" hits="1"/>
						<line number="165" hits="2"/>
						<line number="166" hits="1"/>
						<line number="174" hits="4"/>
						<line number="177" hits="1"/>
						<line number="178" hits="1"/>
						<line number="179" hits="1"/>
						<line number="181" hits="1"/>
						<line number="182" hits="1"/>
						<line number="184" hits="1"/>
						<line number="185" hits="0"/>
						<line number="186" hits="1"/>
						<line number="189" hits="1"/>
						<line number="192" hits="2"/>
						<line number="193" hits="1"/>
						<line number="195" hits="1"/>
						<line number="196" hits="1"/>
						<line number="197" hits="0"/>
						<line number="198" hits="1"/>
						<line number="207" hits="2"/>
						<line number="208" hits="1"/>
					</lines>
				</class>
			</classes>
		</package>
	</packages>
</coverage>
